<?xml version="1.0" encoding="UTF-8"?>
<testsuite name="UserController - Tests de endpoints de autenticación" tests="20" skipped="0" failures="0" errors="0" timestamp="2026-05-29T20:31:35.339Z" hostname="SEBASGL" time="0.807">
  <properties/>
  <testcase name="POST /save: contraseña sin número retorna 400" classname="com.sportshop.auth.infraestructure.entry_points.UserControllerTest" time="0.447"/>
  <testcase name="DELETE /delete/{document}: USER sin permisos retorna 403" classname="com.sportshop.auth.infraestructure.entry_points.UserControllerTest" time="0.048"/>
  <testcase name="POST /login: email vacío retorna 400" classname="com.sportshop.auth.infraestructure.entry_points.UserControllerTest" time="0.012"/>
  <testcase name="POST /save: múltiples errores retorna todos los campos fallidos" classname="com.sportshop.auth.infraestructure.entry_points.UserControllerTest" time="0.131"/>
  <testcase name="POST /save: email inválido retorna 400" classname="com.sportshop.auth.infraestructure.entry_points.UserControllerTest" time="0.013"/>
  <testcase name="GET /get/{document}: sin token retorna 404 por excepción de dominio" classname="com.sportshop.auth.infraestructure.entry_points.UserControllerTest" time="0.012"/>
  <testcase name="POST /save: contraseña sin especial retorna 400" classname="com.sportshop.auth.infraestructure.entry_points.UserControllerTest" time="0.008"/>
  <testcase name="POST /login: usuario no existe retorna 404" classname="com.sportshop.auth.infraestructure.entry_points.UserControllerTest" time="0.009"/>
  <testcase name="POST /save: documento muy corto retorna 400" classname="com.sportshop.auth.infraestructure.entry_points.UserControllerTest" time="0.01"/>
  <testcase name="POST /save: documento con letras retorna 400" classname="com.sportshop.auth.infraestructure.entry_points.UserControllerTest" time="0.009"/>
  <testcase name="POST /login: login exitoso retorna token" classname="com.sportshop.auth.infraestructure.entry_points.UserControllerTest" time="0.016"/>
  <testcase name="POST /save: nombre con números retorna 400" classname="com.sportshop.auth.infraestructure.entry_points.UserControllerTest" time="0.009"/>
  <testcase name="DELETE /delete/{document}: ADMIN elimina usuario" classname="com.sportshop.auth.infraestructure.entry_points.UserControllerTest" time="0.009"/>
  <testcase name="POST /save: edad menor de 18 retorna 400" classname="com.sportshop.auth.infraestructure.entry_points.UserControllerTest" time="0.006"/>
  <testcase name="POST /login: contraseña incorrecta retorna 401" classname="com.sportshop.auth.infraestructure.entry_points.UserControllerTest" time="0.008"/>
  <testcase name="POST /save: contraseña muy corta retorna 400" classname="com.sportshop.auth.infraestructure.entry_points.UserControllerTest" time="0.008"/>
  <testcase name="POST /save: registra usuario con datos válidos" classname="com.sportshop.auth.infraestructure.entry_points.UserControllerTest" time="0.007"/>
  <testcase name="GET /get/{document}: ADMIN obtiene usuario" classname="com.sportshop.auth.infraestructure.entry_points.UserControllerTest" time="0.006"/>
  <testcase name="POST /save: rol inválido retorna 400" classname="com.sportshop.auth.infraestructure.entry_points.UserControllerTest" time="0.008"/>
  <testcase name="POST /save: contraseña sin mayúscula retorna 400" classname="com.sportshop.auth.infraestructure.entry_points.UserControllerTest" time="0.006"/>
  <system-out><![CDATA[2026-05-29T15:31:34.714-05:00  INFO 27720 --- [sportshop-auth] [    Test worker] t.c.s.AnnotationConfigContextLoaderUtils : Could not detect default configuration classes for test class [com.sportshop.auth.infraestructure.entry_points.UserControllerTest]: UserControllerTest does not declare any static, non-private, non-final, nested classes annotated with @Configuration.
2026-05-29T15:31:34.764-05:00  INFO 27720 --- [sportshop-auth] [    Test worker] .b.t.c.SpringBootTestContextBootstrapper : Found @SpringBootConfiguration com.sportshop.auth.AuthApplication for test class com.sportshop.auth.infraestructure.entry_points.UserControllerTest

  .   ____          _            __ _ _
 /\\ / ___'_ __ _ _(_)_ __  __ _ \ \ \ \
( ( )\___ | '_ | '_| | '_ \/ _` | \ \ \ \
 \\/  ___)| |_)| | | | | || (_| |  ) ) ) )
  '  |____| .__|_| |_|_| |_\__, | / / / /
 =========|_|==============|___/=/_/_/_/

 :: Spring Boot ::                (v3.4.5)

2026-05-29T15:31:34.801-05:00  INFO 27720 --- [sportshop-auth] [    Test worker] c.s.a.i.entry_points.UserControllerTest  : Starting UserControllerTest using Java 21.0.10 with PID 27720 (started by sebas in C:\SportShop\sportshop-auth)
2026-05-29T15:31:34.801-05:00  INFO 27720 --- [sportshop-auth] [    Test worker] c.s.a.i.entry_points.UserControllerTest  : No active profile set, falling back to 1 default profile: "default"
2026-05-29T15:31:35.064-05:00  WARN 27720 --- [sportshop-auth] [    Test worker] .s.s.UserDetailsServiceAutoConfiguration : 

Using generated security password: 8701a19f-6344-4b23-a9e4-2b2756a6476a

This generated password is for development use only. Your security configuration must be updated before running your application in production.

2026-05-29T15:31:35.065-05:00  INFO 27720 --- [sportshop-auth] [    Test worker] r$InitializeUserDetailsManagerConfigurer : Global AuthenticationManager configured with UserDetailsService bean with name inMemoryUserDetailsManager
2026-05-29T15:31:35.318-05:00  INFO 27720 --- [sportshop-auth] [    Test worker] o.s.b.t.m.w.SpringBootMockServletContext : Initializing Spring TestDispatcherServlet ''
2026-05-29T15:31:35.319-05:00  INFO 27720 --- [sportshop-auth] [    Test worker] o.s.t.web.servlet.TestDispatcherServlet  : Initializing Servlet ''
2026-05-29T15:31:35.320-05:00  INFO 27720 --- [sportshop-auth] [    Test worker] o.s.t.web.servlet.TestDispatcherServlet  : Completed initialization in 1 ms
2026-05-29T15:31:35.337-05:00  INFO 27720 --- [sportshop-auth] [    Test worker] c.s.a.i.entry_points.UserControllerTest  : Started UserControllerTest in 0.57 seconds (process running for 16.662)
]]></system-out>
  <system-err><![CDATA[]]></system-err>
</testsuite>
