<?xml version="1.0" encoding="UTF-8"?>
<testsuite name="UserController - Tests de endpoints de autenticación" tests="20" skipped="0" failures="0" errors="0" timestamp="2026-05-29T06:41:34.183Z" hostname="SEBASGL" time="1.033">
  <properties/>
  <testcase name="POST /save: contraseña sin número retorna 400" classname="com.sportshop.auth.infraestructure.entry_points.UserControllerTest" time="0.615"/>
  <testcase name="DELETE /delete/{document}: USER sin permisos retorna 403" classname="com.sportshop.auth.infraestructure.entry_points.UserControllerTest" time="0.072"/>
  <testcase name="POST /login: email vacío retorna 400" classname="com.sportshop.auth.infraestructure.entry_points.UserControllerTest" time="0.017"/>
  <testcase name="POST /save: múltiples errores retorna todos los campos fallidos" classname="com.sportshop.auth.infraestructure.entry_points.UserControllerTest" time="0.158"/>
  <testcase name="POST /save: email inválido retorna 400" classname="com.sportshop.auth.infraestructure.entry_points.UserControllerTest" time="0.008"/>
  <testcase name="GET /get/{document}: sin token retorna 404 por excepción de dominio" classname="com.sportshop.auth.infraestructure.entry_points.UserControllerTest" time="0.007"/>
  <testcase name="POST /save: contraseña sin especial retorna 400" classname="com.sportshop.auth.infraestructure.entry_points.UserControllerTest" time="0.008"/>
  <testcase name="POST /login: usuario no existe retorna 404" classname="com.sportshop.auth.infraestructure.entry_points.UserControllerTest" time="0.011"/>
  <testcase name="POST /save: documento muy corto retorna 400" classname="com.sportshop.auth.infraestructure.entry_points.UserControllerTest" time="0.011"/>
  <testcase name="POST /save: documento con letras retorna 400" classname="com.sportshop.auth.infraestructure.entry_points.UserControllerTest" time="0.009"/>
  <testcase name="POST /login: login exitoso retorna token" classname="com.sportshop.auth.infraestructure.entry_points.UserControllerTest" time="0.025"/>
  <testcase name="POST /save: nombre con números retorna 400" classname="com.sportshop.auth.infraestructure.entry_points.UserControllerTest" time="0.008"/>
  <testcase name="DELETE /delete/{document}: ADMIN elimina usuario" classname="com.sportshop.auth.infraestructure.entry_points.UserControllerTest" time="0.012"/>
  <testcase name="POST /save: edad menor de 18 retorna 400" classname="com.sportshop.auth.infraestructure.entry_points.UserControllerTest" time="0.007"/>
  <testcase name="POST /login: contraseña incorrecta retorna 401" classname="com.sportshop.auth.infraestructure.entry_points.UserControllerTest" time="0.006"/>
  <testcase name="POST /save: contraseña muy corta retorna 400" classname="com.sportshop.auth.infraestructure.entry_points.UserControllerTest" time="0.006"/>
  <testcase name="POST /save: registra usuario con datos válidos" classname="com.sportshop.auth.infraestructure.entry_points.UserControllerTest" time="0.01"/>
  <testcase name="GET /get/{document}: ADMIN obtiene usuario" classname="com.sportshop.auth.infraestructure.entry_points.UserControllerTest" time="0.008"/>
  <testcase name="POST /save: rol inválido retorna 400" classname="com.sportshop.auth.infraestructure.entry_points.UserControllerTest" time="0.006"/>
  <testcase name="POST /save: contraseña sin mayúscula retorna 400" classname="com.sportshop.auth.infraestructure.entry_points.UserControllerTest" time="0.006"/>
  <system-out><![CDATA[2026-05-29T01:41:33.238-05:00  INFO 15676 --- [sportshop-auth] [    Test worker] t.c.s.AnnotationConfigContextLoaderUtils : Could not detect default configuration classes for test class [com.sportshop.auth.infraestructure.entry_points.UserControllerTest]: UserControllerTest does not declare any static, non-private, non-final, nested classes annotated with @Configuration.
2026-05-29T01:41:33.321-05:00  INFO 15676 --- [sportshop-auth] [    Test worker] .b.t.c.SpringBootTestContextBootstrapper : Found @SpringBootConfiguration com.sportshop.auth.AuthApplication for test class com.sportshop.auth.infraestructure.entry_points.UserControllerTest

  .   ____          _            __ _ _
 /\\ / ___'_ __ _ _(_)_ __  __ _ \ \ \ \
( ( )\___ | '_ | '_| | '_ \/ _` | \ \ \ \
 \\/  ___)| |_)| | | | | || (_| |  ) ) ) )
  '  |____| .__|_| |_|_| |_\__, | / / / /
 =========|_|==============|___/=/_/_/_/

 :: Spring Boot ::                (v3.4.5)

2026-05-29T01:41:33.388-05:00  INFO 15676 --- [sportshop-auth] [    Test worker] c.s.a.i.entry_points.UserControllerTest  : Starting UserControllerTest using Java 21.0.10 with PID 15676 (started by sebas in C:\SportShop\sportshop-auth)
2026-05-29T01:41:33.388-05:00  INFO 15676 --- [sportshop-auth] [    Test worker] c.s.a.i.entry_points.UserControllerTest  : No active profile set, falling back to 1 default profile: "default"
2026-05-29T01:41:33.811-05:00  WARN 15676 --- [sportshop-auth] [    Test worker] .s.s.UserDetailsServiceAutoConfiguration : 

Using generated security password: 955f89e6-d87f-40ac-9f40-f0d3648d62ef

This generated password is for development use only. Your security configuration must be updated before running your application in production.

2026-05-29T01:41:33.817-05:00  INFO 15676 --- [sportshop-auth] [    Test worker] r$InitializeUserDetailsManagerConfigurer : Global AuthenticationManager configured with UserDetailsService bean with name inMemoryUserDetailsManager
2026-05-29T01:41:34.144-05:00  INFO 15676 --- [sportshop-auth] [    Test worker] o.s.b.t.m.w.SpringBootMockServletContext : Initializing Spring TestDispatcherServlet ''
2026-05-29T01:41:34.144-05:00  INFO 15676 --- [sportshop-auth] [    Test worker] o.s.t.web.servlet.TestDispatcherServlet  : Initializing Servlet ''
2026-05-29T01:41:34.145-05:00  INFO 15676 --- [sportshop-auth] [    Test worker] o.s.t.web.servlet.TestDispatcherServlet  : Completed initialization in 1 ms
2026-05-29T01:41:34.178-05:00  INFO 15676 --- [sportshop-auth] [    Test worker] c.s.a.i.entry_points.UserControllerTest  : Started UserControllerTest in 0.849 seconds (process running for 16.561)
]]></system-out>
  <system-err><![CDATA[]]></system-err>
</testsuite>
