<?xml version="1.0" encoding="UTF-8"?>
<testsuite name="AuthApplication - Test de Contexto y Main" tests="2" skipped="0" failures="0" errors="0" timestamp="2026-05-29T06:41:29.982Z" hostname="SEBASGL" time="1.59">
  <properties/>
  <testcase name="Debe ejecutar el método main de la aplicación sin lanzar excepciones" classname="com.sportshop.auth.AuthApplicationTests" time="1.585"/>
  <testcase name="Debe cargar el contexto de Spring correctamente" classname="com.sportshop.auth.AuthApplicationTests" time="0.004"/>
  <system-out><![CDATA[01:41:20.428 [Test worker] INFO org.springframework.test.context.support.AnnotationConfigContextLoaderUtils -- Could not detect default configuration classes for test class [com.sportshop.auth.AuthApplicationTests]: AuthApplicationTests does not declare any static, non-private, non-final, nested classes annotated with @Configuration.
01:41:20.788 [Test worker] INFO org.springframework.boot.test.context.SpringBootTestContextBootstrapper -- Found @SpringBootConfiguration com.sportshop.auth.AuthApplication for test class com.sportshop.auth.AuthApplicationTests

  .   ____          _            __ _ _
 /\\ / ___'_ __ _ _(_)_ __  __ _ \ \ \ \
( ( )\___ | '_ | '_| | '_ \/ _` | \ \ \ \
 \\/  ___)| |_)| | | | | || (_| |  ) ) ) )
  '  |____| .__|_| |_|_| |_\__, | / / / /
 =========|_|==============|___/=/_/_/_/

 :: Spring Boot ::                (v3.4.5)

2026-05-29T01:41:22.075-05:00  INFO 15676 --- [sportshop-auth] [    Test worker] c.sportshop.auth.AuthApplicationTests    : Starting AuthApplicationTests using Java 21.0.10 with PID 15676 (started by sebas in C:\SportShop\sportshop-auth)
2026-05-29T01:41:22.077-05:00  INFO 15676 --- [sportshop-auth] [    Test worker] c.sportshop.auth.AuthApplicationTests    : No active profile set, falling back to 1 default profile: "default"
2026-05-29T01:41:23.692-05:00  INFO 15676 --- [sportshop-auth] [    Test worker] .s.d.r.c.RepositoryConfigurationDelegate : Bootstrapping Spring Data JPA repositories in DEFAULT mode.
2026-05-29T01:41:23.790-05:00  INFO 15676 --- [sportshop-auth] [    Test worker] .s.d.r.c.RepositoryConfigurationDelegate : Finished Spring Data repository scanning in 81 ms. Found 1 JPA repository interface.
2026-05-29T01:41:24.687-05:00  INFO 15676 --- [sportshop-auth] [    Test worker] o.hibernate.jpa.internal.util.LogHelper  : HHH000204: Processing PersistenceUnitInfo [name: default]
2026-05-29T01:41:24.820-05:00  INFO 15676 --- [sportshop-auth] [    Test worker] org.hibernate.Version                    : HHH000412: Hibernate ORM core version 6.6.13.Final
2026-05-29T01:41:24.917-05:00  INFO 15676 --- [sportshop-auth] [    Test worker] o.h.c.internal.RegionFactoryInitiator    : HHH000026: Second-level cache disabled
2026-05-29T01:41:25.520-05:00  INFO 15676 --- [sportshop-auth] [    Test worker] o.s.o.j.p.SpringPersistenceUnitInfo      : No LoadTimeWeaver setup: ignoring JPA class transformer
2026-05-29T01:41:25.586-05:00  INFO 15676 --- [sportshop-auth] [    Test worker] com.zaxxer.hikari.HikariDataSource       : HikariPool-1 - Starting...
2026-05-29T01:41:26.072-05:00  INFO 15676 --- [sportshop-auth] [    Test worker] com.zaxxer.hikari.pool.HikariPool        : HikariPool-1 - Added connection org.postgresql.jdbc.PgConnection@34e8c460
2026-05-29T01:41:26.076-05:00  INFO 15676 --- [sportshop-auth] [    Test worker] com.zaxxer.hikari.HikariDataSource       : HikariPool-1 - Start completed.
2026-05-29T01:41:26.158-05:00  WARN 15676 --- [sportshop-auth] [    Test worker] org.hibernate.orm.deprecation            : HHH90000025: PostgreSQLDialect does not need to be specified explicitly using 'hibernate.dialect' (remove the property setting and it will be selected by default)
2026-05-29T01:41:26.189-05:00  INFO 15676 --- [sportshop-auth] [    Test worker] org.hibernate.orm.connections.pooling    : HHH10001005: Database info:
	Database JDBC URL [Connecting through datasource 'HikariDataSource (HikariPool-1)']
	Database driver: undefined/unknown
	Database version: 18.3
	Autocommit mode: undefined/unknown
	Isolation level: undefined/unknown
	Minimum pool size: undefined/unknown
	Maximum pool size: undefined/unknown
2026-05-29T01:41:27.857-05:00  INFO 15676 --- [sportshop-auth] [    Test worker] o.h.e.t.j.p.i.JtaPlatformInitiator       : HHH000489: No JTA platform available (set 'hibernate.transaction.jta.platform' to enable JTA platform integration)
2026-05-29T01:41:27.947-05:00  INFO 15676 --- [sportshop-auth] [    Test worker] j.LocalContainerEntityManagerFactoryBean : Initialized JPA EntityManagerFactory for persistence unit 'default'
2026-05-29T01:41:28.703-05:00  WARN 15676 --- [sportshop-auth] [    Test worker] .s.s.UserDetailsServiceAutoConfiguration : 

Using generated security password: ff3ec76e-1d13-4dba-a5bd-16ccefc81bf3

This generated password is for development use only. Your security configuration must be updated before running your application in production.

2026-05-29T01:41:28.737-05:00  INFO 15676 --- [sportshop-auth] [    Test worker] r$InitializeUserDetailsManagerConfigurer : Global AuthenticationManager configured with UserDetailsService bean with name inMemoryUserDetailsManager
2026-05-29T01:41:29.949-05:00  INFO 15676 --- [sportshop-auth] [    Test worker] c.sportshop.auth.AuthApplicationTests    : Started AuthApplicationTests in 8.638 seconds (process running for 12.333)

  .   ____          _            __ _ _
 /\\ / ___'_ __ _ _(_)_ __  __ _ \ \ \ \
( ( )\___ | '_ | '_| | '_ \/ _` | \ \ \ \
 \\/  ___)| |_)| | | | | || (_| |  ) ) ) )
  '  |____| .__|_| |_|_| |_\__, | / / / /
 =========|_|==============|___/=/_/_/_/

 :: Spring Boot ::                (v3.4.5)

2026-05-29T01:41:30.481-05:00  INFO 15676 --- [sportshop-auth] [    Test worker] com.sportshop.auth.AuthApplication       : Starting AuthApplication using Java 21.0.10 with PID 15676 (started by sebas in C:\SportShop\sportshop-auth)
2026-05-29T01:41:30.481-05:00  INFO 15676 --- [sportshop-auth] [    Test worker] com.sportshop.auth.AuthApplication       : No active profile set, falling back to 1 default profile: "default"
2026-05-29T01:41:30.654-05:00  INFO 15676 --- [sportshop-auth] [    Test worker] .s.d.r.c.RepositoryConfigurationDelegate : Bootstrapping Spring Data JPA repositories in DEFAULT mode.
2026-05-29T01:41:30.671-05:00  INFO 15676 --- [sportshop-auth] [    Test worker] .s.d.r.c.RepositoryConfigurationDelegate : Finished Spring Data repository scanning in 15 ms. Found 1 JPA repository interface.
2026-05-29T01:41:30.997-05:00  INFO 15676 --- [sportshop-auth] [    Test worker] o.s.b.w.embedded.tomcat.TomcatWebServer  : Tomcat initialized with port 8080 (http)
2026-05-29T01:41:31.036-05:00  INFO 15676 --- [sportshop-auth] [    Test worker] o.apache.catalina.core.StandardService   : Starting service [Tomcat]
2026-05-29T01:41:31.036-05:00  INFO 15676 --- [sportshop-auth] [    Test worker] o.apache.catalina.core.StandardEngine    : Starting Servlet engine: [Apache Tomcat/10.1.40]
2026-05-29T01:41:31.119-05:00  INFO 15676 --- [sportshop-auth] [    Test worker] o.a.c.c.C.[Tomcat].[localhost].[/]       : Initializing Spring embedded WebApplicationContext
2026-05-29T01:41:31.119-05:00  INFO 15676 --- [sportshop-auth] [    Test worker] w.s.c.ServletWebServerApplicationContext : Root WebApplicationContext: initialization completed in 636 ms
2026-05-29T01:41:31.238-05:00  INFO 15676 --- [sportshop-auth] [    Test worker] o.hibernate.jpa.internal.util.LogHelper  : HHH000204: Processing PersistenceUnitInfo [name: default]
2026-05-29T01:41:31.241-05:00  INFO 15676 --- [sportshop-auth] [    Test worker] o.h.c.internal.RegionFactoryInitiator    : HHH000026: Second-level cache disabled
2026-05-29T01:41:31.249-05:00  INFO 15676 --- [sportshop-auth] [    Test worker] o.s.o.j.p.SpringPersistenceUnitInfo      : No LoadTimeWeaver setup: ignoring JPA class transformer
2026-05-29T01:41:31.250-05:00  INFO 15676 --- [sportshop-auth] [    Test worker] com.zaxxer.hikari.HikariDataSource       : HikariPool-2 - Starting...
2026-05-29T01:41:31.283-05:00  INFO 15676 --- [sportshop-auth] [    Test worker] com.zaxxer.hikari.pool.HikariPool        : HikariPool-2 - Added connection org.postgresql.jdbc.PgConnection@5d6c5d84
2026-05-29T01:41:31.284-05:00  INFO 15676 --- [sportshop-auth] [    Test worker] com.zaxxer.hikari.HikariDataSource       : HikariPool-2 - Start completed.
2026-05-29T01:41:31.289-05:00  WARN 15676 --- [sportshop-auth] [    Test worker] org.hibernate.orm.deprecation            : HHH90000025: PostgreSQLDialect does not need to be specified explicitly using 'hibernate.dialect' (remove the property setting and it will be selected by default)
2026-05-29T01:41:31.291-05:00  INFO 15676 --- [sportshop-auth] [    Test worker] org.hibernate.orm.connections.pooling    : HHH10001005: Database info:
	Database JDBC URL [Connecting through datasource 'HikariDataSource (HikariPool-2)']
	Database driver: undefined/unknown
	Database version: 18.3
	Autocommit mode: undefined/unknown
	Isolation level: undefined/unknown
	Minimum pool size: undefined/unknown
	Maximum pool size: undefined/unknown
2026-05-29T01:41:31.316-05:00  INFO 15676 --- [sportshop-auth] [    Test worker] o.h.e.t.j.p.i.JtaPlatformInitiator       : HHH000489: No JTA platform available (set 'hibernate.transaction.jta.platform' to enable JTA platform integration)
2026-05-29T01:41:31.326-05:00  INFO 15676 --- [sportshop-auth] [    Test worker] j.LocalContainerEntityManagerFactoryBean : Initialized JPA EntityManagerFactory for persistence unit 'default'
2026-05-29T01:41:31.380-05:00  WARN 15676 --- [sportshop-auth] [    Test worker] .s.s.UserDetailsServiceAutoConfiguration : 

Using generated security password: 932e6583-7ad2-4edf-bed2-6df6bdf54022

This generated password is for development use only. Your security configuration must be updated before running your application in production.

2026-05-29T01:41:31.381-05:00  INFO 15676 --- [sportshop-auth] [    Test worker] r$InitializeUserDetailsManagerConfigurer : Global AuthenticationManager configured with UserDetailsService bean with name inMemoryUserDetailsManager
2026-05-29T01:41:31.548-05:00  INFO 15676 --- [sportshop-auth] [    Test worker] o.s.b.w.embedded.tomcat.TomcatWebServer  : Tomcat started on port 8080 (http) with context path '/'
2026-05-29T01:41:31.551-05:00  INFO 15676 --- [sportshop-auth] [    Test worker] com.sportshop.auth.AuthApplication       : Started AuthApplication in 1.115 seconds (process running for 13.935)
]]></system-out>
  <system-err><![CDATA[Mockito is currently self-attaching to enable the inline-mock-maker. This will no longer work in future releases of the JDK. Please add Mockito as an agent to your build what is described in Mockito's documentation: https://javadoc.io/doc/org.mockito/mockito-core/latest/org/mockito/Mockito.html#0.3
WARNING: A Java agent has been loaded dynamically (C:\Users\sebas\.gradle\caches\modules-2\files-2.1\net.bytebuddy\byte-buddy-agent\1.15.11\a38b16385e867f59a641330f0362ebe742788ed8\byte-buddy-agent-1.15.11.jar)
WARNING: If a serviceability tool is in use, please run with -XX:+EnableDynamicAgentLoading to hide this warning
WARNING: If a serviceability tool is not in use, please run with -Djdk.instrument.traceUsage for more information
WARNING: Dynamic loading of agents will be disallowed by default in a future release
]]></system-err>
</testsuite>
