<?xml version="1.0" encoding="UTF-8"?>
<testsuite name="com.sportshop.auth.infraestructure.entry_points.JwtFilterTest" tests="4" skipped="0" failures="0" errors="0" timestamp="2026-05-29T20:31:34.644Z" hostname="SEBASGL" time="0.049">
  <properties/>
  <testcase name="doFilterInternal: token válido autentica al usuario" classname="com.sportshop.auth.infraestructure.entry_points.JwtFilterTest" time="0.042"/>
  <testcase name="doFilterInternal: token inválido no autentica" classname="com.sportshop.auth.infraestructure.entry_points.JwtFilterTest" time="0.002"/>
  <testcase name="doFilterInternal: sin header Authorization, no autentica" classname="com.sportshop.auth.infraestructure.entry_points.JwtFilterTest" time="0.002"/>
  <testcase name="doFilterInternal: header sin Bearer, no autentica" classname="com.sportshop.auth.infraestructure.entry_points.JwtFilterTest" time="0.002"/>
  <system-out><![CDATA[]]></system-out>
  <system-err><![CDATA[]]></system-err>
</testsuite>
