<?xml version="1.0" encoding="UTF-8"?>
<testsuite name="AuthUserGatewayImpl - Tests del adaptador de usuarios" tests="20" skipped="0" failures="0" errors="0" timestamp="2026-05-29T05:37:15.973Z" hostname="SEBASGL" time="0.19">
  <properties/>
  <testcase name="existsByDocument: retorna false si no existe" classname="com.sportshop.admin.infraestructure.driver_adapters.auth_client.AuthUserGatewayImplTest" time="0.079"/>
  <testcase name="findByEmail: retorna usuario cuando coincide email" classname="com.sportshop.admin.infraestructure.driver_adapters.auth_client.AuthUserGatewayImplTest" time="0.01"/>
  <testcase name="findAll: mapea correctamente cuando age no es Number" classname="com.sportshop.admin.infraestructure.driver_adapters.auth_client.AuthUserGatewayImplTest" time="0.034"/>
  <testcase name="existsByDocument: retorna true si existe" classname="com.sportshop.admin.infraestructure.driver_adapters.auth_client.AuthUserGatewayImplTest" time="0.003"/>
  <testcase name="findByDocument: retorna empty cuando response data es null" classname="com.sportshop.admin.infraestructure.driver_adapters.auth_client.AuthUserGatewayImplTest" time="0.004"/>
  <testcase name="findAll: retorna lista vacía en error de conexión" classname="com.sportshop.admin.infraestructure.driver_adapters.auth_client.AuthUserGatewayImplTest" time="0.005"/>
  <testcase name="save: actualiza usuario cuando ya existe (existsByDocument = true)" classname="com.sportshop.admin.infraestructure.driver_adapters.auth_client.AuthUserGatewayImplTest" time="0.005"/>
  <testcase name="save: crea usuario nuevo cuando no existe (existsByDocument = false)" classname="com.sportshop.admin.infraestructure.driver_adapters.auth_client.AuthUserGatewayImplTest" time="0.004"/>
  <testcase name="deleteByDocument: ejecuta DELETE correctamente" classname="com.sportshop.admin.infraestructure.driver_adapters.auth_client.AuthUserGatewayImplTest" time="0.007"/>
  <testcase name="existsByEmail: retorna true si existe" classname="com.sportshop.admin.infraestructure.driver_adapters.auth_client.AuthUserGatewayImplTest" time="0.002"/>
  <testcase name="existsByEmail: retorna false si no existe" classname="com.sportshop.admin.infraestructure.driver_adapters.auth_client.AuthUserGatewayImplTest" time="0.004"/>
  <testcase name="findAll: funciona sin token en contexto de seguridad" classname="com.sportshop.admin.infraestructure.driver_adapters.auth_client.AuthUserGatewayImplTest" time="0.003"/>
  <testcase name="findByRole: retorna vacío si no hay usuarios con ese rol" classname="com.sportshop.admin.infraestructure.driver_adapters.auth_client.AuthUserGatewayImplTest" time="0.003"/>
  <testcase name="findByRole: filtra usuarios por rol" classname="com.sportshop.admin.infraestructure.driver_adapters.auth_client.AuthUserGatewayImplTest" time="0.005"/>
  <testcase name="findByEmail: retorna empty cuando no coincide email" classname="com.sportshop.admin.infraestructure.driver_adapters.auth_client.AuthUserGatewayImplTest" time="0.002"/>
  <testcase name="findAll: retorna lista vacía cuando data es null" classname="com.sportshop.admin.infraestructure.driver_adapters.auth_client.AuthUserGatewayImplTest" time="0.003"/>
  <testcase name="findByDocument: retorna empty cuando no existe (404)" classname="com.sportshop.admin.infraestructure.driver_adapters.auth_client.AuthUserGatewayImplTest" time="0.002"/>
  <testcase name="findByDocument: retorna empty en error genérico" classname="com.sportshop.admin.infraestructure.driver_adapters.auth_client.AuthUserGatewayImplTest" time="0.002"/>
  <testcase name="findByDocument: retorna usuario cuando existe" classname="com.sportshop.admin.infraestructure.driver_adapters.auth_client.AuthUserGatewayImplTest" time="0.002"/>
  <testcase name="findAll: retorna lista de usuarios" classname="com.sportshop.admin.infraestructure.driver_adapters.auth_client.AuthUserGatewayImplTest" time="0.002"/>
  <system-out><![CDATA[2026-05-29T00:37:16.109-05:00  WARN 26792 --- [sportshop-admin] [    Test worker] c.s.a.i.d.a.AuthUserGatewayImpl          : Error listando usuarios desde auth: Connection refused
2026-05-29T00:37:16.158-05:00  WARN 26792 --- [sportshop-admin] [    Test worker] c.s.a.i.d.a.AuthUserGatewayImpl          : Error consultando usuario 12345678 en auth: Connection refused
]]></system-out>
  <system-err><![CDATA[]]></system-err>
</testsuite>
