<?xml version="1.0" encoding="UTF-8"?>
<testsuite name="com.sportshop.admin.application.config.UseCaseConfigTest" tests="4" skipped="0" failures="0" errors="0" timestamp="2026-05-29T05:37:15.234Z" hostname="SEBASGL" time="0.164">
  <properties/>
  <testcase name="adminProductUseCase_isInstanceOfCorrectType()" classname="com.sportshop.admin.application.config.UseCaseConfigTest" time="0.152"/>
  <testcase name="adminUserUseCase_isInstanceOfCorrectType()" classname="com.sportshop.admin.application.config.UseCaseConfigTest" time="0.003"/>
  <testcase name="adminUserUseCase_isCreatedAsBean()" classname="com.sportshop.admin.application.config.UseCaseConfigTest" time="0.003"/>
  <testcase name="adminProductUseCase_isCreatedAsBean()" classname="com.sportshop.admin.application.config.UseCaseConfigTest" time="0.004"/>
  <system-out><![CDATA[2026-05-29T00:37:14.292-05:00  INFO 26792 --- [sportshop-admin] [    Test worker] t.c.s.AnnotationConfigContextLoaderUtils : Could not detect default configuration classes for test class [com.sportshop.admin.application.config.UseCaseConfigTest]: UseCaseConfigTest does not declare any static, non-private, non-final, nested classes annotated with @Configuration.
2026-05-29T00:37:14.296-05:00  INFO 26792 --- [sportshop-admin] [    Test worker] .b.t.c.SpringBootTestContextBootstrapper : Found @SpringBootConfiguration com.sportshop.admin.AdminApplication for test class com.sportshop.admin.application.config.UseCaseConfigTest

  .   ____          _            __ _ _
 /\\ / ___'_ __ _ _(_)_ __  __ _ \ \ \ \
( ( )\___ | '_ | '_| | '_ \/ _` | \ \ \ \
 \\/  ___)| |_)| | | | | || (_| |  ) ) ) )
  '  |____| .__|_| |_|_| |_\__, | / / / /
 =========|_|==============|___/=/_/_/_/

 :: Spring Boot ::                (v3.4.5)

2026-05-29T00:37:14.325-05:00  INFO 26792 --- [sportshop-admin] [    Test worker] c.s.a.a.config.UseCaseConfigTest         : Starting UseCaseConfigTest using Java 21.0.10 with PID 26792 (started by sebas in C:\SportShop\sportshop-admin)
2026-05-29T00:37:14.326-05:00  INFO 26792 --- [sportshop-admin] [    Test worker] c.s.a.a.config.UseCaseConfigTest         : The following 1 profile is active: "test"
2026-05-29T00:37:14.503-05:00  INFO 26792 --- [sportshop-admin] [    Test worker] .s.d.r.c.RepositoryConfigurationDelegate : Bootstrapping Spring Data JPA repositories in DEFAULT mode.
2026-05-29T00:37:14.520-05:00  INFO 26792 --- [sportshop-admin] [    Test worker] .s.d.r.c.RepositoryConfigurationDelegate : Finished Spring Data repository scanning in 15 ms. Found 1 JPA repository interface.
2026-05-29T00:37:14.847-05:00  INFO 26792 --- [sportshop-admin] [    Test worker] o.hibernate.jpa.internal.util.LogHelper  : HHH000204: Processing PersistenceUnitInfo [name: default]
2026-05-29T00:37:14.850-05:00  INFO 26792 --- [sportshop-admin] [    Test worker] o.h.c.internal.RegionFactoryInitiator    : HHH000026: Second-level cache disabled
2026-05-29T00:37:14.861-05:00  INFO 26792 --- [sportshop-admin] [    Test worker] o.s.o.j.p.SpringPersistenceUnitInfo      : No LoadTimeWeaver setup: ignoring JPA class transformer
2026-05-29T00:37:14.862-05:00  INFO 26792 --- [sportshop-admin] [    Test worker] com.zaxxer.hikari.HikariDataSource       : HikariPool-2 - Starting...
2026-05-29T00:37:14.898-05:00  INFO 26792 --- [sportshop-admin] [    Test worker] com.zaxxer.hikari.pool.HikariPool        : HikariPool-2 - Added connection org.postgresql.jdbc.PgConnection@6df8baff
2026-05-29T00:37:14.899-05:00  INFO 26792 --- [sportshop-admin] [    Test worker] com.zaxxer.hikari.HikariDataSource       : HikariPool-2 - Start completed.
2026-05-29T00:37:14.904-05:00  WARN 26792 --- [sportshop-admin] [    Test worker] org.hibernate.orm.deprecation            : HHH90000025: PostgreSQLDialect does not need to be specified explicitly using 'hibernate.dialect' (remove the property setting and it will be selected by default)
2026-05-29T00:37:14.905-05:00  INFO 26792 --- [sportshop-admin] [    Test worker] org.hibernate.orm.connections.pooling    : HHH10001005: Database info:
	Database JDBC URL [Connecting through datasource 'HikariDataSource (HikariPool-2)']
	Database driver: undefined/unknown
	Database version: 18.3
	Autocommit mode: undefined/unknown
	Isolation level: undefined/unknown
	Minimum pool size: undefined/unknown
	Maximum pool size: undefined/unknown
2026-05-29T00:37:14.933-05:00  INFO 26792 --- [sportshop-admin] [    Test worker] o.h.e.t.j.p.i.JtaPlatformInitiator       : HHH000489: No JTA platform available (set 'hibernate.transaction.jta.platform' to enable JTA platform integration)
2026-05-29T00:37:14.943-05:00  INFO 26792 --- [sportshop-admin] [    Test worker] j.LocalContainerEntityManagerFactoryBean : Initialized JPA EntityManagerFactory for persistence unit 'default'
2026-05-29T00:37:14.996-05:00  INFO 26792 --- [sportshop-admin] [    Test worker] r$InitializeUserDetailsManagerConfigurer : Global AuthenticationManager configured with UserDetailsService bean with name inMemoryUserDetailsManager
2026-05-29T00:37:15.232-05:00  INFO 26792 --- [sportshop-admin] [    Test worker] c.s.a.a.config.UseCaseConfigTest         : Started UseCaseConfigTest in 0.932 seconds (process running for 17.246)
]]></system-out>
  <system-err><![CDATA[]]></system-err>
</testsuite>
