<?xml version="1.0" encoding="UTF-8"?>
<testsuite name="AuthUserGatewayImpl - Tests del adaptador HTTP hacia sportshop-auth" tests="7" skipped="0" failures="0" errors="0" timestamp="2026-05-29T05:37:16.287Z" hostname="SEBASGL" time="0.011">
  <properties/>
  <testcase name="AdminUser: rol por defecto es USER cuando no se especifica" classname="com.sportshop.admin.infraestructure.driver_adapters.jpa_repository.AdminUserGatewayImplTest" time="0.003"/>
  <testcase name="Lista de usuarios: filtro por rol USER funciona en stream" classname="com.sportshop.admin.infraestructure.driver_adapters.jpa_repository.AdminUserGatewayImplTest" time="0.001"/>
  <testcase name="Lista de usuarios: filtro por email funciona en stream" classname="com.sportshop.admin.infraestructure.driver_adapters.jpa_repository.AdminUserGatewayImplTest" time="0.002"/>
  <testcase name="AdminUser: modelo de dominio se construye correctamente" classname="com.sportshop.admin.infraestructure.driver_adapters.jpa_repository.AdminUserGatewayImplTest" time="0.001"/>
  <testcase name="AdminUser: setters funcionan correctamente" classname="com.sportshop.admin.infraestructure.driver_adapters.jpa_repository.AdminUserGatewayImplTest" time="0.0"/>
  <testcase name="AdminUser: equals por referencia" classname="com.sportshop.admin.infraestructure.driver_adapters.jpa_repository.AdminUserGatewayImplTest" time="0.001"/>
  <testcase name="Lista vacía: filtro retorna Optional vacío" classname="com.sportshop.admin.infraestructure.driver_adapters.jpa_repository.AdminUserGatewayImplTest" time="0.001"/>
  <system-out><![CDATA[]]></system-out>
  <system-err><![CDATA[]]></system-err>
</testsuite>
