<?xml version="1.0" encoding="UTF-8"?>
<testsuite name="NotificationController - Tests" tests="9" skipped="0" failures="0" errors="0" timestamp="2026-05-29T22:08:32.299Z" hostname="SEBASGL" time="0.382">
  <properties/>
  <testcase name="GET /type/{type}: USER sin ADMIN retorna 403" classname="com.sportshop.notifications.infraestructure.entry_points.NotificationControllerTest" time="0.168"/>
  <testcase name="PATCH /{id}/read: marcar como leída - USER autenticado" classname="com.sportshop.notifications.infraestructure.entry_points.NotificationControllerTest" time="0.019"/>
  <testcase name="GET /type/{type}: filtrar por tipo - ADMIN" classname="com.sportshop.notifications.infraestructure.entry_points.NotificationControllerTest" time="0.014"/>
  <testcase name="POST /receive: persiste notificación - sin token (público)" classname="com.sportshop.notifications.infraestructure.entry_points.NotificationControllerTest" time="0.123"/>
  <testcase name="GET /: listar todas - requiere ADMIN" classname="com.sportshop.notifications.infraestructure.entry_points.NotificationControllerTest" time="0.016"/>
  <testcase name="GET /user/{performedBy}: notificaciones de un usuario - USER autenticado" classname="com.sportshop.notifications.infraestructure.entry_points.NotificationControllerTest" time="0.009"/>
  <testcase name="GET /status/{status}: filtrar por estado - ADMIN" classname="com.sportshop.notifications.infraestructure.entry_points.NotificationControllerTest" time="0.008"/>
  <testcase name="GET /: sin token retorna 401" classname="com.sportshop.notifications.infraestructure.entry_points.NotificationControllerTest" time="0.006"/>
  <testcase name="GET /{id}: obtener por ID - USER autenticado" classname="com.sportshop.notifications.infraestructure.entry_points.NotificationControllerTest" time="0.01"/>
  <system-out><![CDATA[2026-05-29T17:08:31.901-05:00  INFO 2464 --- [sportshop-notifications] [    Test worker] t.c.s.AnnotationConfigContextLoaderUtils : Could not detect default configuration classes for test class [com.sportshop.notifications.infraestructure.entry_points.NotificationControllerTest]: NotificationControllerTest does not declare any static, non-private, non-final, nested classes annotated with @Configuration.
2026-05-29T17:08:31.932-05:00  INFO 2464 --- [sportshop-notifications] [    Test worker] .b.t.c.SpringBootTestContextBootstrapper : Found @SpringBootConfiguration com.sportshop.notifications.NotificationsApplication for test class com.sportshop.notifications.infraestructure.entry_points.NotificationControllerTest

  .   ____          _            __ _ _
 /\\ / ___'_ __ _ _(_)_ __  __ _ \ \ \ \
( ( )\___ | '_ | '_| | '_ \/ _` | \ \ \ \
 \\/  ___)| |_)| | | | | || (_| |  ) ) ) )
  '  |____| .__|_| |_|_| |_\__, | / / / /
 =========|_|==============|___/=/_/_/_/

 :: Spring Boot ::                (v3.4.5)

2026-05-29T17:08:31.962-05:00  INFO 2464 --- [sportshop-notifications] [    Test worker] c.s.n.i.e.NotificationControllerTest     : Starting NotificationControllerTest using Java 21.0.10 with PID 2464 (started by sebas in C:\SportShop\sportshop-notifications)
2026-05-29T17:08:31.962-05:00  INFO 2464 --- [sportshop-notifications] [    Test worker] c.s.n.i.e.NotificationControllerTest     : No active profile set, falling back to 1 default profile: "default"
2026-05-29T17:08:32.153-05:00  INFO 2464 --- [sportshop-notifications] [    Test worker] r$InitializeUserDetailsManagerConfigurer : Global AuthenticationManager configured with UserDetailsService bean with name inMemoryUserDetailsManager
2026-05-29T17:08:32.289-05:00  INFO 2464 --- [sportshop-notifications] [    Test worker] o.s.b.t.m.w.SpringBootMockServletContext : Initializing Spring TestDispatcherServlet ''
2026-05-29T17:08:32.289-05:00  INFO 2464 --- [sportshop-notifications] [    Test worker] o.s.t.web.servlet.TestDispatcherServlet  : Initializing Servlet ''
2026-05-29T17:08:32.290-05:00  INFO 2464 --- [sportshop-notifications] [    Test worker] o.s.t.web.servlet.TestDispatcherServlet  : Completed initialization in 1 ms
2026-05-29T17:08:32.297-05:00  INFO 2464 --- [sportshop-notifications] [    Test worker] c.s.n.i.e.NotificationControllerTest     : Started NotificationControllerTest in 0.361 seconds (process running for 11.976)
]]></system-out>
  <system-err><![CDATA[]]></system-err>
</testsuite>
