<?xml version="1.0" encoding="UTF-8"?>
<testsuite name="NotificationMapper - Tests" tests="7" skipped="0" failures="0" errors="0" timestamp="2026-05-29T22:08:32.682Z" hostname="SEBASGL" time="0.003">
  <properties/>
  <testcase name="toResponseDTO: null retorna null" classname="com.sportshop.notifications.infraestructure.mapper.NotificationMapperTest" time="0.001"/>
  <testcase name="toData: null retorna null" classname="com.sportshop.notifications.infraestructure.mapper.NotificationMapperTest" time="0.0"/>
  <testcase name="toDomain: null retorna null" classname="com.sportshop.notifications.infraestructure.mapper.NotificationMapperTest" time="0.001"/>
  <testcase name="toResponseDTO: convierte Notification a DTO correctamente" classname="com.sportshop.notifications.infraestructure.mapper.NotificationMapperTest" time="0.0"/>
  <testcase name="toData: convierte Notification a NotificationData correctamente" classname="com.sportshop.notifications.infraestructure.mapper.NotificationMapperTest" time="0.0"/>
  <testcase name="toDomain → toData: round-trip conserva datos" classname="com.sportshop.notifications.infraestructure.mapper.NotificationMapperTest" time="0.0"/>
  <testcase name="toDomain: convierte NotificationData a Notification correctamente" classname="com.sportshop.notifications.infraestructure.mapper.NotificationMapperTest" time="0.0"/>
  <system-out><![CDATA[]]></system-out>
  <system-err><![CDATA[]]></system-err>
</testsuite>
