<?xml version="1.0" encoding="UTF-8"?>
<testsuite name="UseCaseConfig - Test de Cobertura Total" tests="2" skipped="0" failures="0" errors="0" timestamp="2026-05-29T21:13:30.946Z" hostname="SEBASGL" time="0.416">
  <properties/>
  <testcase name="Debe instanciar CartUseCase correctamente" classname="com.sportshop.catalog.application.config.UseCaseConfigTest" time="0.409"/>
  <testcase name="Debe instanciar ProductUseCase correctamente" classname="com.sportshop.catalog.application.config.UseCaseConfigTest" time="0.006"/>
  <system-out><![CDATA[]]></system-out>
  <system-err><![CDATA[]]></system-err>
</testsuite>
