<?xml version="1.0" encoding="UTF-8"?>
<testsuite name="ProductGatewayImpl - Tests del adaptador JPA de productos" tests="10" skipped="0" failures="0" errors="0" timestamp="2026-05-29T21:13:32.874Z" hostname="SEBASGL" time="0.114">
  <properties/>
  <testcase name="findById: retorna Optional vacío cuando no existe" classname="com.sportshop.catalog.infraestructure.driver_adapters.jpa_repository.ProductGatewayImplTest" time="0.083"/>
  <testcase name="findAll: retorna lista completa mapeada" classname="com.sportshop.catalog.infraestructure.driver_adapters.jpa_repository.ProductGatewayImplTest" time="0.004"/>
  <testcase name="existsById: retorna true si existe" classname="com.sportshop.catalog.infraestructure.driver_adapters.jpa_repository.ProductGatewayImplTest" time="0.002"/>
  <testcase name="findBySport: filtra por deporte" classname="com.sportshop.catalog.infraestructure.driver_adapters.jpa_repository.ProductGatewayImplTest" time="0.003"/>
  <testcase name="findById: retorna Optional con producto cuando existe" classname="com.sportshop.catalog.infraestructure.driver_adapters.jpa_repository.ProductGatewayImplTest" time="0.002"/>
  <testcase name="deleteById: llama al repositorio con el ID correcto" classname="com.sportshop.catalog.infraestructure.driver_adapters.jpa_repository.ProductGatewayImplTest" time="0.002"/>
  <testcase name="findActive: retorna solo productos activos" classname="com.sportshop.catalog.infraestructure.driver_adapters.jpa_repository.ProductGatewayImplTest" time="0.003"/>
  <testcase name="existsById: retorna false si no existe" classname="com.sportshop.catalog.infraestructure.driver_adapters.jpa_repository.ProductGatewayImplTest" time="0.004"/>
  <testcase name="findByCategory: filtra por categoría" classname="com.sportshop.catalog.infraestructure.driver_adapters.jpa_repository.ProductGatewayImplTest" time="0.003"/>
  <testcase name="save: guarda y retorna dominio mapeado" classname="com.sportshop.catalog.infraestructure.driver_adapters.jpa_repository.ProductGatewayImplTest" time="0.001"/>
  <system-out><![CDATA[]]></system-out>
  <system-err><![CDATA[]]></system-err>
</testsuite>
